data points_AL 17824
Validation Loss: 0.4115, Validation Accuracy: 0.7999
Model saved to 50_clients_data/clients_trained_model/AL.pth

data points_AK 2848
Validation Loss: 0.4661, Validation Accuracy: 0.7729
Model saved to 50_clients_data/clients_trained_model/AK.pth

data points_AZ 26624
Validation Loss: 0.4169, Validation Accuracy: 0.8054
Model saved to 50_clients_data/clients_trained_model/AZ.pth

data points_AR 11168
Validation Loss: 0.4168, Validation Accuracy: 0.8108
Model saved to 50_clients_data/clients_trained_model/AR.pth

data points_CA 156544
Validation Loss: 0.4075, Validation Accuracy: 0.8119
Model saved to 50_clients_data/clients_trained_model/CA.pth

data points_CO 25056
Validation Loss: 0.4437, Validation Accuracy: 0.7844
Model saved to 50_clients_data/clients_trained_model/CO.pth

data points_CT 15840
Validation Loss: 0.4286, Validation Accuracy: 0.7968
Model saved to 50_clients_data/clients_trained_model/CT.pth

data points_DE 3776
Validation Loss: 0.4578, Validation Accuracy: 0.7813
Model saved to 50_clients_data/clients_trained_model/DE.pth

data points_FL 79168
Validation Loss: 0.4240, Validation Accuracy: 0.7950
Model saved to 50_clients_data/clients_trained_model/FL.pth

data points_GA 40736
Validation Loss: 0.3998, Validation Accuracy: 0.8141
Model saved to 50_clients_data/clients_trained_model/GA.pth

data points_HI 6208
Validation Loss: 0.4725, Validation Accuracy: 0.7911
Model saved to 50_clients_data/clients_trained_model/HI.pth

data points_ID 6624
Validation Loss: 0.4019, Validation Accuracy: 0.8057
Model saved to 50_clients_data/clients_trained_model/ID.pth

data points_IL 53632
Validation Loss: 0.4219, Validation Accuracy: 0.7963
Model saved to 50_clients_data/clients_trained_model/IL.pth

data points_IN 28032
Validation Loss: 0.3985, Validation Accuracy: 0.8137
Model saved to 50_clients_data/clients_trained_model/IN.pth

data points_IA 14208
Validation Loss: 0.4187, Validation Accuracy: 0.7962
Model saved to 50_clients_data/clients_trained_model/IA.pth

data points_KS 12672
Validation Loss: 0.4255, Validation Accuracy: 0.7874
Model saved to 50_clients_data/clients_trained_model/KS.pth

data points_KY 17632
Validation Loss: 0.4164, Validation Accuracy: 0.8103
Model saved to 50_clients_data/clients_trained_model/KY.pth

data points_LA 16544
Validation Loss: 0.4237, Validation Accuracy: 0.7953
Model saved to 50_clients_data/clients_trained_model/LA.pth

data points_ME 5632
Validation Loss: 0.4205, Validation Accuracy: 0.8100
Model saved to 50_clients_data/clients_trained_model/ME.pth

data points_MD 26464
Validation Loss: 0.4307, Validation Accuracy: 0.7998
Model saved to 50_clients_data/clients_trained_model/MD.pth

data points_MA 32096
Validation Loss: 0.4208, Validation Accuracy: 0.8074
Model saved to 50_clients_data/clients_trained_model/MA.pth

data points_MI 40032
Validation Loss: 0.4087, Validation Accuracy: 0.8129
Model saved to 50_clients_data/clients_trained_model/MI.pth

data points_MN 24832
Validation Loss: 0.4423, Validation Accuracy: 0.7871
Model saved to 50_clients_data/clients_trained_model/MN.pth

data points_MS 10560
Validation Loss: 0.4206, Validation Accuracy: 0.8043
Model saved to 50_clients_data/clients_trained_model/MS.pth

data points_MO 25344
Validation Loss: 0.4122, Validation Accuracy: 0.8075
Model saved to 50_clients_data/clients_trained_model/MO.pth

data points_MT 4384
Validation Loss: 0.4793, Validation Accuracy: 0.7720
Model saved to 50_clients_data/clients_trained_model/MT.pth

data points_NE 8640
Validation Loss: 0.4596, Validation Accuracy: 0.7764
Model saved to 50_clients_data/clients_trained_model/NE.pth

data points_NV 11872
Validation Loss: 0.4475, Validation Accuracy: 0.8004
Model saved to 50_clients_data/clients_trained_model/NV.pth

data points_NH 6400
Validation Loss: 0.4143, Validation Accuracy: 0.8092
Model saved to 50_clients_data/clients_trained_model/NH.pth

data points_NJ 38240
Validation Loss: 0.4140, Validation Accuracy: 0.8115
Model saved to 50_clients_data/clients_trained_model/NJ.pth

data points_NM 6976
Validation Loss: 0.3888, Validation Accuracy: 0.8140
Model saved to 50_clients_data/clients_trained_model/NM.pth

data points_NY 82432
Validation Loss: 0.4339, Validation Accuracy: 0.7926
Model saved to 50_clients_data/clients_trained_model/NY.pth

data points_NC 41664
Validation Loss: 0.4119, Validation Accuracy: 0.8109
Model saved to 50_clients_data/clients_trained_model/NC.pth

data points_ND 3584
Validation Loss: 0.4647, Validation Accuracy: 0.7618
Model saved to 50_clients_data/clients_trained_model/ND.pth

data points_OH 49728
Validation Loss: 0.3992, Validation Accuracy: 0.8125
Model saved to 50_clients_data/clients_trained_model/OH.pth

data points_OK 14336
Validation Loss: 0.4029, Validation Accuracy: 0.8164
Model saved to 50_clients_data/clients_trained_model/OK.pth

data points_OR 17536
Validation Loss: 0.4356, Validation Accuracy: 0.7983
Model saved to 50_clients_data/clients_trained_model/OR.pth

data points_PA 54656
Validation Loss: 0.4131, Validation Accuracy: 0.8064
Model saved to 50_clients_data/clients_trained_model/PA.pth

data points_RI 4576
Validation Loss: 0.3927, Validation Accuracy: 0.8109
Model saved to 50_clients_data/clients_trained_model/RI.pth

data points_SC 19904
Validation Loss: 0.4166, Validation Accuracy: 0.8048
Model saved to 50_clients_data/clients_trained_model/SC.pth

data points_SD 3936
Validation Loss: 0.5592, Validation Accuracy: 0.7671
Model saved to 50_clients_data/clients_trained_model/SD.pth

data points_TN 27232
Validation Loss: 0.3968, Validation Accuracy: 0.8147
Model saved to 50_clients_data/clients_trained_model/TN.pth

data points_TX 108768
Validation Loss: 0.4065, Validation Accuracy: 0.8072
Model saved to 50_clients_data/clients_trained_model/TX.pth

data points_UT 13088
Validation Loss: 0.3988, Validation Accuracy: 0.8310
Model saved to 50_clients_data/clients_trained_model/UT.pth

data points_VT 3040
Validation Loss: 0.4750, Validation Accuracy: 0.7955
Model saved to 50_clients_data/clients_trained_model/VT.pth

data points_VA 36928
Validation Loss: 0.3991, Validation Accuracy: 0.8144
Model saved to 50_clients_data/clients_trained_model/VA.pth

data points_WA 31968
Validation Loss: 0.4295, Validation Accuracy: 0.8031
Model saved to 50_clients_data/clients_trained_model/WA.pth

data points_WV 6496
Validation Loss: 0.4223, Validation Accuracy: 0.8012
Model saved to 50_clients_data/clients_trained_model/WV.pth

data points_WI 26176
Validation Loss: 0.4365, Validation Accuracy: 0.7958
Model saved to 50_clients_data/clients_trained_model/WI.pth

data points_WY 2464
Validation Loss: 0.4867, Validation Accuracy: 0.7614
Model saved to 50_clients_data/clients_trained_model/WY.pth
