State Code::  AL
training sample:: AL_100.data
testing sample:: AL_100.test
0%: ??h ??m ??s          
Client_model /home/luser/chirag/tableak/50_clients_data/clients_trained_model/AL.pth
Completed. Time Elapsed: 0h 4m 38s
Performance at 5 Epochs and 8 Batch Size: 24.8% +- 0.00
Complete                           
==================================================================
==================================================================
State Code::  AK
training sample:: AK_100.data
testing sample:: AK_100.test
0%: ??h ??m ??s          
Client_model /home/luser/chirag/tableak/50_clients_data/clients_trained_model/AK.pth
Completed. Time Elapsed: 0h 4m 38s
Performance at 5 Epochs and 8 Batch Size: 27.2% +- 0.00
Complete                           
==================================================================
==================================================================
State Code::  AZ
training sample:: AZ_100.data
testing sample:: AZ_100.test
0%: ??h ??m ??s          
Client_model /home/luser/chirag/tableak/50_clients_data/clients_trained_model/AZ.pth
Completed. Time Elapsed: 0h 4m 39s
Performance at 5 Epochs and 8 Batch Size: 20.2% +- 0.00
Complete                           
==================================================================
==================================================================
State Code::  AR
training sample:: AR_100.data
testing sample:: AR_100.test
0%: ??h ??m ??s          
Client_model /home/luser/chirag/tableak/50_clients_data/clients_trained_model/AR.pth
Completed. Time Elapsed: 0h 4m 37s
Performance at 5 Epochs and 8 Batch Size: 20.0% +- 0.00
Complete                           
==================================================================
==================================================================
State Code::  CA
training sample:: CA_100.data
testing sample:: CA_100.test
0%: ??h ??m ??s          
Client_model /home/luser/chirag/tableak/50_clients_data/clients_trained_model/CA.pth
Completed. Time Elapsed: 0h 4m 35s
Performance at 5 Epochs and 8 Batch Size: 15.7% +- 0.00
Complete                           
==================================================================
==================================================================
State Code::  CO
training sample:: CO_100.data
testing sample:: CO_100.test
0%: ??h ??m ??s          
Client_model /home/luser/chirag/tableak/50_clients_data/clients_trained_model/CO.pth
Completed. Time Elapsed: 0h 4m 38s
Performance at 5 Epochs and 8 Batch Size: 16.5% +- 0.00
Complete                           
==================================================================
==================================================================
State Code::  CT
training sample:: CT_100.data
testing sample:: CT_100.test
0%: ??h ??m ??s          
Client_model /home/luser/chirag/tableak/50_clients_data/clients_trained_model/CT.pth
Completed. Time Elapsed: 0h 4m 40s
Performance at 5 Epochs and 8 Batch Size: 18.2% +- 0.00
Complete                           
==================================================================
==================================================================
State Code::  DE
training sample:: DE_100.data
testing sample:: DE_100.test
0%: ??h ??m ??s          
Client_model /home/luser/chirag/tableak/50_clients_data/clients_trained_model/DE.pth
Completed. Time Elapsed: 0h 4m 38s
Performance at 5 Epochs and 8 Batch Size: 17.1% +- 0.00
Complete                           
==================================================================
==================================================================
State Code::  FL
training sample:: FL_100.data
testing sample:: FL_100.test
0%: ??h ??m ??s          
Client_model /home/luser/chirag/tableak/50_clients_data/clients_trained_model/FL.pth
Completed. Time Elapsed: 0h 4m 39s
Performance at 5 Epochs and 8 Batch Size: 21.8% +- 0.00
Complete                           
==================================================================
==================================================================
State Code::  GA
training sample:: GA_100.data
testing sample:: GA_100.test
0%: ??h ??m ??s          
Client_model /home/luser/chirag/tableak/50_clients_data/clients_trained_model/GA.pth
Completed. Time Elapsed: 0h 4m 37s
Performance at 5 Epochs and 8 Batch Size: 18.6% +- 0.00
Complete                           
==================================================================
==================================================================
State Code::  HI
training sample:: HI_100.data
testing sample:: HI_100.test
0%: ??h ??m ??s          
Client_model /home/luser/chirag/tableak/50_clients_data/clients_trained_model/HI.pth
Completed. Time Elapsed: 0h 6m 45s
Performance at 5 Epochs and 8 Batch Size: 18.4% +- 0.00
Complete                           
==================================================================
==================================================================
State Code::  ID
training sample:: ID_100.data
testing sample:: ID_100.test
0%: ??h ??m ??s          
Client_model /home/luser/chirag/tableak/50_clients_data/clients_trained_model/ID.pth
Completed. Time Elapsed: 0h 9m 26s
Performance at 5 Epochs and 8 Batch Size: 17.3% +- 0.00
Complete                           
==================================================================
==================================================================
State Code::  IL
training sample:: IL_100.data
testing sample:: IL_100.test
0%: ??h ??m ??s          
Client_model /home/luser/chirag/tableak/50_clients_data/clients_trained_model/IL.pth
Completed. Time Elapsed: 0h 9m 28s
Performance at 5 Epochs and 8 Batch Size: 20.9% +- 0.00
Complete                           
==================================================================
==================================================================
State Code::  IN
training sample:: IN_100.data
testing sample:: IN_100.test
0%: ??h ??m ??s          
Client_model /home/luser/chirag/tableak/50_clients_data/clients_trained_model/IN.pth
Completed. Time Elapsed: 0h 9m 30s
Performance at 5 Epochs and 8 Batch Size: 21.5% +- 0.00
Complete                           
==================================================================
==================================================================
State Code::  IA
training sample:: IA_100.data
testing sample:: IA_100.test
0%: ??h ??m ??s          
Client_model /home/luser/chirag/tableak/50_clients_data/clients_trained_model/IA.pth
Completed. Time Elapsed: 0h 9m 32s
Performance at 5 Epochs and 8 Batch Size: 19.5% +- 0.00
Complete                           
==================================================================
==================================================================
State Code::  KS
training sample:: KS_100.data
testing sample:: KS_100.test
0%: ??h ??m ??s          
Client_model /home/luser/chirag/tableak/50_clients_data/clients_trained_model/KS.pth
Completed. Time Elapsed: 0h 9m 27s
Performance at 5 Epochs and 8 Batch Size: 19.6% +- 0.00
Complete                           
==================================================================
==================================================================
State Code::  KY
training sample:: KY_100.data
testing sample:: KY_100.test
0%: ??h ??m ??s          
Client_model /home/luser/chirag/tableak/50_clients_data/clients_trained_model/KY.pth
Completed. Time Elapsed: 0h 8m 25s
Performance at 5 Epochs and 8 Batch Size: 23.9% +- 0.00
Complete                           
==================================================================
==================================================================
State Code::  LA
training sample:: LA_100.data
testing sample:: LA_100.test
0%: ??h ??m ??s          
Client_model /home/luser/chirag/tableak/50_clients_data/clients_trained_model/LA.pth
Completed. Time Elapsed: 0h 7m 2s
Performance at 5 Epochs and 8 Batch Size: 19.6% +- 0.00
Complete                           
==================================================================
==================================================================
State Code::  ME
training sample:: ME_100.data
testing sample:: ME_100.test
0%: ??h ??m ??s          
Client_model /home/luser/chirag/tableak/50_clients_data/clients_trained_model/ME.pth
Completed. Time Elapsed: 0h 7m 6s
Performance at 5 Epochs and 8 Batch Size: 21.4% +- 0.00
Complete                           
==================================================================
==================================================================
State Code::  MD
training sample:: MD_100.data
testing sample:: MD_100.test
0%: ??h ??m ??s          
Client_model /home/luser/chirag/tableak/50_clients_data/clients_trained_model/MD.pth
Completed. Time Elapsed: 0h 7m 6s
Performance at 5 Epochs and 8 Batch Size: 22.1% +- 0.00
Complete                           
==================================================================
==================================================================
State Code::  MA
training sample:: MA_100.data
testing sample:: MA_100.test
0%: ??h ??m ??s          
Client_model /home/luser/chirag/tableak/50_clients_data/clients_trained_model/MA.pth
Completed. Time Elapsed: 0h 7m 1s
Performance at 5 Epochs and 8 Batch Size: 19.0% +- 0.00
Complete                           
==================================================================
==================================================================
State Code::  MI
training sample:: MI_100.data
testing sample:: MI_100.test
0%: ??h ??m ??s          
Client_model /home/luser/chirag/tableak/50_clients_data/clients_trained_model/MI.pth
Completed. Time Elapsed: 0h 7m 4s
Performance at 5 Epochs and 8 Batch Size: 24.1% +- 0.00
Complete                           
==================================================================
==================================================================
State Code::  MN
training sample:: MN_100.data
testing sample:: MN_100.test
0%: ??h ??m ??s          
Client_model /home/luser/chirag/tableak/50_clients_data/clients_trained_model/MN.pth
Completed. Time Elapsed: 0h 7m 5s
Performance at 5 Epochs and 8 Batch Size: 23.6% +- 0.00
Complete                           
==================================================================
==================================================================
State Code::  MS
training sample:: MS_100.data
testing sample:: MS_100.test
0%: ??h ??m ??s          
Client_model /home/luser/chirag/tableak/50_clients_data/clients_trained_model/MS.pth
Completed. Time Elapsed: 0h 7m 7s
Performance at 5 Epochs and 8 Batch Size: 21.2% +- 0.00
Complete                           
==================================================================
==================================================================
State Code::  MO
training sample:: MO_100.data
testing sample:: MO_100.test
0%: ??h ??m ??s          
Client_model /home/luser/chirag/tableak/50_clients_data/clients_trained_model/MO.pth
Completed. Time Elapsed: 0h 7m 5s
Performance at 5 Epochs and 8 Batch Size: 25.0% +- 0.00
Complete                           
==================================================================
==================================================================
State Code::  MT
training sample:: MT_100.data
testing sample:: MT_100.test
0%: ??h ??m ??s          
Client_model /home/luser/chirag/tableak/50_clients_data/clients_trained_model/MT.pth
Completed. Time Elapsed: 0h 7m 7s
Performance at 5 Epochs and 8 Batch Size: 20.5% +- 0.00
Complete                           
==================================================================
==================================================================
State Code::  NE
training sample:: NE_100.data
testing sample:: NE_100.test
0%: ??h ??m ??s          
Client_model /home/luser/chirag/tableak/50_clients_data/clients_trained_model/NE.pth
Completed. Time Elapsed: 0h 7m 8s
Performance at 5 Epochs and 8 Batch Size: 25.4% +- 0.00
Complete                           
==================================================================
==================================================================
State Code::  NV
training sample:: NV_100.data
testing sample:: NV_100.test
0%: ??h ??m ??s          
Client_model /home/luser/chirag/tableak/50_clients_data/clients_trained_model/NV.pth
Completed. Time Elapsed: 0h 7m 6s
Performance at 5 Epochs and 8 Batch Size: 21.3% +- 0.00
Complete                           
==================================================================
==================================================================
State Code::  NH
training sample:: NH_100.data
testing sample:: NH_100.test
0%: ??h ??m ??s          
Client_model /home/luser/chirag/tableak/50_clients_data/clients_trained_model/NH.pth
Completed. Time Elapsed: 0h 7m 37s
Performance at 5 Epochs and 8 Batch Size: 24.5% +- 0.00
Complete                           
==================================================================
==================================================================
State Code::  NJ
training sample:: NJ_100.data
testing sample:: NJ_100.test
0%: ??h ??m ??s          
Client_model /home/luser/chirag/tableak/50_clients_data/clients_trained_model/NJ.pth
Completed. Time Elapsed: 0h 9m 32s
Performance at 5 Epochs and 8 Batch Size: 23.0% +- 0.00
Complete                           
==================================================================
==================================================================
State Code::  NM
training sample:: NM_100.data
testing sample:: NM_100.test
0%: ??h ??m ??s          
Client_model /home/luser/chirag/tableak/50_clients_data/clients_trained_model/NM.pth
Completed. Time Elapsed: 0h 9m 30s
Performance at 5 Epochs and 8 Batch Size: 21.2% +- 0.00
Complete                           
==================================================================
==================================================================
State Code::  NY
training sample:: NY_100.data
testing sample:: NY_100.test
0%: ??h ??m ??s          
Client_model /home/luser/chirag/tableak/50_clients_data/clients_trained_model/NY.pth
Completed. Time Elapsed: 0h 9m 3s
Performance at 5 Epochs and 8 Batch Size: 23.3% +- 0.00
Complete                           
==================================================================
==================================================================
State Code::  NC
training sample:: NC_100.data
testing sample:: NC_100.test
0%: ??h ??m ??s          
Client_model /home/luser/chirag/tableak/50_clients_data/clients_trained_model/NC.pth
Completed. Time Elapsed: 0h 7m 7s
Performance at 5 Epochs and 8 Batch Size: 21.3% +- 0.00
Complete                           
==================================================================
==================================================================
State Code::  ND
training sample:: ND_100.data
testing sample:: ND_100.test
0%: ??h ??m ??s          
Client_model /home/luser/chirag/tableak/50_clients_data/clients_trained_model/ND.pth
Completed. Time Elapsed: 0h 7m 5s
Performance at 5 Epochs and 8 Batch Size: 26.1% +- 0.00
Complete                           
==================================================================
==================================================================
State Code::  OH
training sample:: OH_100.data
testing sample:: OH_100.test
0%: ??h ??m ??s          
Client_model /home/luser/chirag/tableak/50_clients_data/clients_trained_model/OH.pth
Completed. Time Elapsed: 0h 7m 7s
Performance at 5 Epochs and 8 Batch Size: 21.9% +- 0.00
Complete                           
==================================================================
==================================================================
State Code::  OK
training sample:: OK_100.data
testing sample:: OK_100.test
0%: ??h ??m ??s          
Client_model /home/luser/chirag/tableak/50_clients_data/clients_trained_model/OK.pth
Completed. Time Elapsed: 0h 7m 4s
Performance at 5 Epochs and 8 Batch Size: 23.0% +- 0.00
Complete                           
==================================================================
==================================================================
State Code::  OR
training sample:: OR_100.data
testing sample:: OR_100.test
0%: ??h ??m ??s          
Client_model /home/luser/chirag/tableak/50_clients_data/clients_trained_model/OR.pth
Completed. Time Elapsed: 0h 7m 5s
Performance at 5 Epochs and 8 Batch Size: 24.8% +- 0.00
Complete                           
==================================================================
==================================================================
State Code::  PA
training sample:: PA_100.data
testing sample:: PA_100.test
0%: ??h ??m ??s          
Client_model /home/luser/chirag/tableak/50_clients_data/clients_trained_model/PA.pth
Completed. Time Elapsed: 0h 7m 5s
Performance at 5 Epochs and 8 Batch Size: 25.7% +- 0.00
Complete                           
==================================================================
==================================================================
State Code::  RI
training sample:: RI_100.data
testing sample:: RI_100.test
0%: ??h ??m ??s          
Client_model /home/luser/chirag/tableak/50_clients_data/clients_trained_model/RI.pth
Completed. Time Elapsed: 0h 6m 19s
Performance at 5 Epochs and 8 Batch Size: 21.1% +- 0.00
Complete                           
==================================================================
==================================================================
State Code::  SC
training sample:: SC_100.data
testing sample:: SC_100.test
0%: ??h ??m ??s          
Client_model /home/luser/chirag/tableak/50_clients_data/clients_trained_model/SC.pth
Completed. Time Elapsed: 0h 6m 15s
Performance at 5 Epochs and 8 Batch Size: 26.1% +- 0.00
Complete                           
==================================================================
==================================================================
State Code::  SD
training sample:: SD_100.data
testing sample:: SD_100.test
0%: ??h ??m ??s          
Client_model /home/luser/chirag/tableak/50_clients_data/clients_trained_model/SD.pth
Completed. Time Elapsed: 0h 6m 16s
Performance at 5 Epochs and 8 Batch Size: 18.6% +- 0.00
Complete                           
==================================================================
==================================================================
State Code::  TN
training sample:: TN_100.data
testing sample:: TN_100.test
0%: ??h ??m ??s          
Client_model /home/luser/chirag/tableak/50_clients_data/clients_trained_model/TN.pth
Completed. Time Elapsed: 0h 6m 16s
Performance at 5 Epochs and 8 Batch Size: 21.5% +- 0.00
Complete                           
==================================================================
==================================================================
State Code::  TX
training sample:: TX_100.data
testing sample:: TX_100.test
0%: ??h ??m ??s          
Client_model /home/luser/chirag/tableak/50_clients_data/clients_trained_model/TX.pth
Completed. Time Elapsed: 0h 6m 15s
Performance at 5 Epochs and 8 Batch Size: 29.9% +- 0.00
Complete                           
==================================================================
==================================================================
State Code::  UT
training sample:: UT_100.data
testing sample:: UT_100.test
0%: ??h ??m ??s          
Client_model /home/luser/chirag/tableak/50_clients_data/clients_trained_model/UT.pth
Completed. Time Elapsed: 0h 6m 18s
Performance at 5 Epochs and 8 Batch Size: 26.2% +- 0.00
Complete                           
==================================================================
==================================================================
State Code::  VT
training sample:: VT_100.data
testing sample:: VT_100.test
0%: ??h ??m ??s          
Client_model /home/luser/chirag/tableak/50_clients_data/clients_trained_model/VT.pth
Completed. Time Elapsed: 0h 6m 17s
Performance at 5 Epochs and 8 Batch Size: 22.5% +- 0.00
Complete                           
==================================================================
==================================================================
State Code::  VA
training sample:: VA_100.data
testing sample:: VA_100.test
0%: ??h ??m ??s          
Client_model /home/luser/chirag/tableak/50_clients_data/clients_trained_model/VA.pth
Completed. Time Elapsed: 0h 6m 17s
Performance at 5 Epochs and 8 Batch Size: 31.6% +- 0.00
Complete                           
==================================================================
==================================================================
State Code::  WA
training sample:: WA_100.data
testing sample:: WA_100.test
0%: ??h ??m ??s          
Client_model /home/luser/chirag/tableak/50_clients_data/clients_trained_model/WA.pth
Completed. Time Elapsed: 0h 6m 18s
Performance at 5 Epochs and 8 Batch Size: 27.5% +- 0.00
Complete                           
==================================================================
==================================================================
State Code::  WV
training sample:: WV_100.data
testing sample:: WV_100.test
0%: ??h ??m ??s          
Client_model /home/luser/chirag/tableak/50_clients_data/clients_trained_model/WV.pth
Completed. Time Elapsed: 0h 8m 18s
Performance at 5 Epochs and 8 Batch Size: 23.4% +- 0.00
Complete                           
==================================================================
==================================================================
State Code::  WI
training sample:: WI_100.data
testing sample:: WI_100.test
0%: ??h ??m ??s          
Client_model /home/luser/chirag/tableak/50_clients_data/clients_trained_model/WI.pth
Completed. Time Elapsed: 0h 9m 38s
Performance at 5 Epochs and 8 Batch Size: 28.4% +- 0.00
Complete                           
==================================================================
==================================================================
State Code::  WY
training sample:: WY_100.data
testing sample:: WY_100.test
0%: ??h ??m ??s          
Client_model /home/luser/chirag/tableak/50_clients_data/clients_trained_model/WY.pth
Completed. Time Elapsed: 0h 9m 35s
Performance at 5 Epochs and 8 Batch Size: 24.4% +- 0.00
Complete                           
==================================================================
==================================================================
