data points_AL 17824
Validation Loss: 0.8294, Validation Accuracy: 0.8028
Model saved to 50_clients_data/clients_DP_Fair_trained_model/AL.pth

data points_AK 2848
Validation Loss: 0.8874, Validation Accuracy: 0.7842
Model saved to 50_clients_data/clients_DP_Fair_trained_model/AK.pth

data points_AZ 26624
Validation Loss: 0.8357, Validation Accuracy: 0.8021
Model saved to 50_clients_data/clients_DP_Fair_trained_model/AZ.pth

data points_AR 11168
Validation Loss: 0.8249, Validation Accuracy: 0.8176
Model saved to 50_clients_data/clients_DP_Fair_trained_model/AR.pth

data points_CA 156544
Validation Loss: 0.8165, Validation Accuracy: 0.8113
Model saved to 50_clients_data/clients_DP_Fair_trained_model/CA.pth

data points_CO 25056
Validation Loss: 0.9146, Validation Accuracy: 0.7777
Model saved to 50_clients_data/clients_DP_Fair_trained_model/CO.pth

data points_CT 15840
Validation Loss: 0.8694, Validation Accuracy: 0.7955
Model saved to 50_clients_data/clients_DP_Fair_trained_model/CT.pth

data points_DE 3776
Validation Loss: 0.9367, Validation Accuracy: 0.7749
Model saved to 50_clients_data/clients_DP_Fair_trained_model/DE.pth

data points_FL 79168
Validation Loss: 0.8786, Validation Accuracy: 0.7885
Model saved to 50_clients_data/clients_DP_Fair_trained_model/FL.pth

data points_GA 40736
Validation Loss: 0.8232, Validation Accuracy: 0.8081
Model saved to 50_clients_data/clients_DP_Fair_trained_model/GA.pth

data points_HI 6208
Validation Loss: 0.9592, Validation Accuracy: 0.7646
Model saved to 50_clients_data/clients_DP_Fair_trained_model/HI.pth

data points_ID 6624
Validation Loss: 0.8375, Validation Accuracy: 0.8002
Model saved to 50_clients_data/clients_DP_Fair_trained_model/ID.pth

data points_IL 53632
Validation Loss: 0.8778, Validation Accuracy: 0.7839
Model saved to 50_clients_data/clients_DP_Fair_trained_model/IL.pth

data points_IN 28032
Validation Loss: 0.8217, Validation Accuracy: 0.8044
Model saved to 50_clients_data/clients_DP_Fair_trained_model/IN.pth

data points_IA 14208
Validation Loss: 0.8486, Validation Accuracy: 0.7965
Model saved to 50_clients_data/clients_DP_Fair_trained_model/IA.pth

data points_KS 12672
Validation Loss: 0.8710, Validation Accuracy: 0.7792
Model saved to 50_clients_data/clients_DP_Fair_trained_model/KS.pth

data points_KY 17632
Validation Loss: 0.8455, Validation Accuracy: 0.8048
Model saved to 50_clients_data/clients_DP_Fair_trained_model/KY.pth

data points_LA 16544
Validation Loss: 0.8822, Validation Accuracy: 0.7820
Model saved to 50_clients_data/clients_DP_Fair_trained_model/LA.pth

data points_ME 5632
Validation Loss: 0.8657, Validation Accuracy: 0.7886
Model saved to 50_clients_data/clients_DP_Fair_trained_model/ME.pth

data points_MD 26464
Validation Loss: 0.8630, Validation Accuracy: 0.7910
Model saved to 50_clients_data/clients_DP_Fair_trained_model/MD.pth

data points_MA 32096
Validation Loss: 0.8466, Validation Accuracy: 0.8004
Model saved to 50_clients_data/clients_DP_Fair_trained_model/MA.pth

data points_MI 40032
Validation Loss: 0.8446, Validation Accuracy: 0.8020
Model saved to 50_clients_data/clients_DP_Fair_trained_model/MI.pth

data points_MN 24832
Validation Loss: 0.9128, Validation Accuracy: 0.7756
Model saved to 50_clients_data/clients_DP_Fair_trained_model/MN.pth

data points_MS 10560
Validation Loss: 0.8542, Validation Accuracy: 0.7948
Model saved to 50_clients_data/clients_DP_Fair_trained_model/MS.pth

data points_MO 25344
Validation Loss: 0.8443, Validation Accuracy: 0.7972
Model saved to 50_clients_data/clients_DP_Fair_trained_model/MO.pth

data points_MT 4384
Validation Loss: 0.9279, Validation Accuracy: 0.7582
Model saved to 50_clients_data/clients_DP_Fair_trained_model/MT.pth

data points_NE 8640
Validation Loss: 0.9358, Validation Accuracy: 0.7681
Model saved to 50_clients_data/clients_DP_Fair_trained_model/NE.pth

data points_NV 11872
Validation Loss: 0.9110, Validation Accuracy: 0.7832
Model saved to 50_clients_data/clients_DP_Fair_trained_model/NV.pth

data points_NH 6400
Validation Loss: 0.8476, Validation Accuracy: 0.7991
Model saved to 50_clients_data/clients_DP_Fair_trained_model/NH.pth

data points_NJ 38240
Validation Loss: 0.8385, Validation Accuracy: 0.8037
Model saved to 50_clients_data/clients_DP_Fair_trained_model/NJ.pth

data points_NM 6976
Validation Loss: 0.8177, Validation Accuracy: 0.8037
Model saved to 50_clients_data/clients_DP_Fair_trained_model/NM.pth

data points_NY 82432
Validation Loss: 0.8847, Validation Accuracy: 0.7849
Model saved to 50_clients_data/clients_DP_Fair_trained_model/NY.pth

data points_NC 41664
Validation Loss: 0.8378, Validation Accuracy: 0.7985
Model saved to 50_clients_data/clients_DP_Fair_trained_model/NC.pth

data points_ND 3584
Validation Loss: 0.9627, Validation Accuracy: 0.7461
Model saved to 50_clients_data/clients_DP_Fair_trained_model/ND.pth

data points_OH 49728
Validation Loss: 0.8327, Validation Accuracy: 0.8000
Model saved to 50_clients_data/clients_DP_Fair_trained_model/OH.pth

data points_OK 14336
Validation Loss: 0.8482, Validation Accuracy: 0.8002
Model saved to 50_clients_data/clients_DP_Fair_trained_model/OK.pth

data points_OR 17536
Validation Loss: 0.8903, Validation Accuracy: 0.7883
Model saved to 50_clients_data/clients_DP_Fair_trained_model/OR.pth

data points_PA 54656
Validation Loss: 0.8557, Validation Accuracy: 0.7939
Model saved to 50_clients_data/clients_DP_Fair_trained_model/PA.pth

data points_RI 4576
Validation Loss: 0.8447, Validation Accuracy: 0.7960
Model saved to 50_clients_data/clients_DP_Fair_trained_model/RI.pth

data points_SC 19904
Validation Loss: 0.8440, Validation Accuracy: 0.7958
Model saved to 50_clients_data/clients_DP_Fair_trained_model/SC.pth

data points_SD 3936
Validation Loss: 0.9231, Validation Accuracy: 0.7620
Model saved to 50_clients_data/clients_DP_Fair_trained_model/SD.pth

data points_TN 27232
Validation Loss: 0.8113, Validation Accuracy: 0.8076
Model saved to 50_clients_data/clients_DP_Fair_trained_model/TN.pth

data points_TX 108768
Validation Loss: 0.8457, Validation Accuracy: 0.7984
Model saved to 50_clients_data/clients_DP_Fair_trained_model/TX.pth

data points_UT 13088
Validation Loss: 0.7527, Validation Accuracy: 0.8203
Model saved to 50_clients_data/clients_DP_Fair_trained_model/UT.pth

data points_VT 3040
Validation Loss: 0.9187, Validation Accuracy: 0.7782
Model saved to 50_clients_data/clients_DP_Fair_trained_model/VT.pth

data points_VA 36928
Validation Loss: 0.8318, Validation Accuracy: 0.7981
Model saved to 50_clients_data/clients_DP_Fair_trained_model/VA.pth

data points_WA 31968
Validation Loss: 0.8915, Validation Accuracy: 0.7859
Model saved to 50_clients_data/clients_DP_Fair_trained_model/WA.pth

data points_WV 6496
Validation Loss: 0.8621, Validation Accuracy: 0.7858
Model saved to 50_clients_data/clients_DP_Fair_trained_model/WV.pth

data points_WI 26176
Validation Loss: 0.8963, Validation Accuracy: 0.7788
Model saved to 50_clients_data/clients_DP_Fair_trained_model/WI.pth

data points_WY 2464
Validation Loss: 0.9361, Validation Accuracy: 0.7647
Model saved to 50_clients_data/clients_DP_Fair_trained_model/WY.pth