data points_AL 17824
Validation Loss: 0.4137, Validation Accuracy: 0.8069
Model saved to 50_clients_data/client_DP_trained_model/AL.pth

data points_AK 2848
Validation Loss: 0.4745, Validation Accuracy: 0.7645
Model saved to 50_clients_data/client_DP_trained_model/AK.pth

data points_AZ 26624
Validation Loss: 0.4246, Validation Accuracy: 0.7994
Model saved to 50_clients_data/client_DP_trained_model/AZ.pth

data points_AR 11168
Validation Loss: 0.4117, Validation Accuracy: 0.8162
Model saved to 50_clients_data/client_DP_trained_model/AR.pth

data points_CA 156544
Validation Loss: 0.4219, Validation Accuracy: 0.8036
Model saved to 50_clients_data/client_DP_trained_model/CA.pth

data points_CO 25056
Validation Loss: 0.4520, Validation Accuracy: 0.7809
Model saved to 50_clients_data/client_DP_trained_model/CO.pth

data points_CT 15840
Validation Loss: 0.4263, Validation Accuracy: 0.7985
Model saved to 50_clients_data/client_DP_trained_model/CT.pth

data points_DE 3776
Validation Loss: 0.4458, Validation Accuracy: 0.7866
Model saved to 50_clients_data/client_DP_trained_model/DE.pth

data points_FL 79168
Validation Loss: 0.4405, Validation Accuracy: 0.7852
Model saved to 50_clients_data/client_DP_trained_model/FL.pth

data points_GA 40736
Validation Loss: 0.4099, Validation Accuracy: 0.8062
Model saved to 50_clients_data/client_DP_trained_model/GA.pth

data points_HI 6208
Validation Loss: 0.4640, Validation Accuracy: 0.7788
Model saved to 50_clients_data/client_DP_trained_model/HI.pth

data points_ID 6624
Validation Loss: 0.4098, Validation Accuracy: 0.7954
Model saved to 50_clients_data/client_DP_trained_model/ID.pth

data points_IL 53632
Validation Loss: 0.4370, Validation Accuracy: 0.7846
Model saved to 50_clients_data/client_DP_trained_model/IL.pth

data points_IN 28032
Validation Loss: 0.4063, Validation Accuracy: 0.8105
Model saved to 50_clients_data/client_DP_trained_model/IN.pth

data points_IA 14208
Validation Loss: 0.4147, Validation Accuracy: 0.8024
Model saved to 50_clients_data/client_DP_trained_model/IA.pth

data points_KS 12672
Validation Loss: 0.4226, Validation Accuracy: 0.7842
Model saved to 50_clients_data/client_DP_trained_model/KS.pth

data points_KY 17632
Validation Loss: 0.4138, Validation Accuracy: 0.8089
Model saved to 50_clients_data/client_DP_trained_model/KY.pth

data points_LA 16544
Validation Loss: 0.4387, Validation Accuracy: 0.7883
Model saved to 50_clients_data/client_DP_trained_model/LA.pth

data points_ME 5632
Validation Loss: 0.4138, Validation Accuracy: 0.8100
Model saved to 50_clients_data/client_DP_trained_model/ME.pth

data points_MD 26464
Validation Loss: 0.4324, Validation Accuracy: 0.7928
Model saved to 50_clients_data/client_DP_trained_model/MD.pth

data points_MA 32096
Validation Loss: 0.4206, Validation Accuracy: 0.8037
Model saved to 50_clients_data/client_DP_trained_model/MA.pth

data points_MI 40032
Validation Loss: 0.4101, Validation Accuracy: 0.8041
Model saved to 50_clients_data/client_DP_trained_model/MI.pth

data points_MN 24832
Validation Loss: 0.4419, Validation Accuracy: 0.7792
Model saved to 50_clients_data/client_DP_trained_model/MN.pth

data points_MS 10560
Validation Loss: 0.4260, Validation Accuracy: 0.7971
Model saved to 50_clients_data/client_DP_trained_model/MS.pth

data points_MO 25344
Validation Loss: 0.4113, Validation Accuracy: 0.8004
Model saved to 50_clients_data/client_DP_trained_model/MO.pth

data points_MT 4384
Validation Loss: 0.4548, Validation Accuracy: 0.7784
Model saved to 50_clients_data/client_DP_trained_model/MT.pth

data points_NE 8640
Validation Loss: 0.4532, Validation Accuracy: 0.7750
Model saved to 50_clients_data/client_DP_trained_model/NE.pth

data points_NV 11872
Validation Loss: 0.4423, Validation Accuracy: 0.7997
Model saved to 50_clients_data/client_DP_trained_model/NV.pth

data points_NH 6400
Validation Loss: 0.4108, Validation Accuracy: 0.8092
Model saved to 50_clients_data/client_DP_trained_model/NH.pth

data points_NJ 38240
Validation Loss: 0.4175, Validation Accuracy: 0.8070
Model saved to 50_clients_data/client_DP_trained_model/NJ.pth

data points_NM 6976
Validation Loss: 0.3946, Validation Accuracy: 0.8157
Model saved to 50_clients_data/client_DP_trained_model/NM.pth

data points_NY 82432
Validation Loss: 0.4391, Validation Accuracy: 0.7876
Model saved to 50_clients_data/client_DP_trained_model/NY.pth

data points_NC 41664
Validation Loss: 0.4127, Validation Accuracy: 0.8051
Model saved to 50_clients_data/client_DP_trained_model/NC.pth

data points_ND 3584
Validation Loss: 0.4589, Validation Accuracy: 0.7596
Model saved to 50_clients_data/client_DP_trained_model/ND.pth

data points_OH 49728
Validation Loss: 0.4107, Validation Accuracy: 0.8040
Model saved to 50_clients_data/client_DP_trained_model/OH.pth

data points_OK 14336
Validation Loss: 0.4149, Validation Accuracy: 0.8007
Model saved to 50_clients_data/client_DP_trained_model/OK.pth

data points_OR 17536
Validation Loss: 0.4289, Validation Accuracy: 0.7926
Model saved to 50_clients_data/client_DP_trained_model/OR.pth

data points_PA 54656
Validation Loss: 0.4209, Validation Accuracy: 0.7986
Model saved to 50_clients_data/client_DP_trained_model/PA.pth

data points_RI 4576
Validation Loss: 0.3919, Validation Accuracy: 0.8117
Model saved to 50_clients_data/client_DP_trained_model/RI.pth

data points_SC 19904
Validation Loss: 0.4145, Validation Accuracy: 0.7942
Model saved to 50_clients_data/client_DP_trained_model/SC.pth

data points_SD 3936
Validation Loss: 0.4445, Validation Accuracy: 0.7773
Model saved to 50_clients_data/client_DP_trained_model/SD.pth

data points_TN 27232
Validation Loss: 0.3968, Validation Accuracy: 0.8137
Model saved to 50_clients_data/client_DP_trained_model/TN.pth

data points_TX 108768
Validation Loss: 0.4192, Validation Accuracy: 0.7989
Model saved to 50_clients_data/client_DP_trained_model/TX.pth

data points_UT 13088
Validation Loss: 0.3651, Validation Accuracy: 0.8323
Model saved to 50_clients_data/client_DP_trained_model/UT.pth

data points_VT 3040
Validation Loss: 0.4487, Validation Accuracy: 0.7915
Model saved to 50_clients_data/client_DP_trained_model/VT.pth

data points_VA 36928
Validation Loss: 0.4078, Validation Accuracy: 0.8033
Model saved to 50_clients_data/client_DP_trained_model/VA.pth

data points_WA 31968
Validation Loss: 0.4334, Validation Accuracy: 0.7951
Model saved to 50_clients_data/client_DP_trained_model/WA.pth

data points_WV 6496
Validation Loss: 0.4098, Validation Accuracy: 0.7938
Model saved to 50_clients_data/client_DP_trained_model/WV.pth

data points_WI 26176
Validation Loss: 0.4354, Validation Accuracy: 0.7837
Model saved to 50_clients_data/client_DP_trained_model/WI.pth

data points_WY 2464
Validation Loss: 0.4445, Validation Accuracy: 0.7647
Model saved to 50_clients_data/client_DP_trained_model/WY.pth
