Sat Jun  1 19:36:36 2024
Sat Jun  1 20:36:37 2024
Sat Jun  1 21:36:37 2024
Sat Jun  1 22:36:37 2024
Sat Jun  1 23:36:37 2024
Sun Jun  2 00:36:37 2024
Sun Jun  2 01:36:37 2024
Sun Jun  2 02:36:37 2024
Sun Jun  2 03:36:37 2024
Sun Jun  2 04:36:37 2024
Sun Jun  2 05:36:37 2024
Sun Jun  2 06:36:37 2024
Sun Jun  2 07:36:37 2024
Sun Jun  2 08:36:38 2024
Sun Jun  2 09:36:38 2024
Sun Jun  2 10:36:38 2024
Sun Jun  2 11:36:38 2024
Sun Jun  2 12:36:38 2024
Sun Jun  2 13:36:38 2024
Sun Jun  2 14:36:38 2024
Sun Jun  2 15:36:38 2024
Sun Jun  2 16:36:38 2024
Sun Jun  2 17:36:38 2024
Sun Jun  2 18:36:38 2024
Sun Jun  2 19:36:38 2024
Sun Jun  2 20:36:39 2024
Sun Jun  2 21:36:39 2024
Sun Jun  2 22:36:39 2024
Sun Jun  2 23:36:39 2024
Mon Jun  3 00:36:39 2024
Mon Jun  3 01:36:39 2024
Mon Jun  3 02:36:39 2024
Mon Jun  3 03:36:39 2024
Mon Jun  3 04:36:39 2024
Mon Jun  3 05:36:39 2024
Mon Jun  3 06:36:39 2024
Mon Jun  3 07:36:39 2024
Mon Jun  3 08:36:40 2024
Mon Jun  3 09:36:40 2024
Mon Jun  3 10:36:40 2024
Mon Jun  3 11:36:40 2024
Mon Jun  3 12:36:40 2024
Mon Jun  3 13:36:40 2024
Mon Jun  3 14:36:40 2024
Mon Jun  3 15:36:40 2024
Mon Jun  3 16:36:40 2024
Mon Jun  3 17:36:40 2024
Mon Jun  3 18:36:40 2024
Mon Jun  3 19:36:40 2024
Mon Jun  3 20:36:41 2024
Mon Jun  3 21:36:41 2024
Mon Jun  3 22:36:41 2024
Mon Jun  3 23:36:41 2024
Tue Jun  4 00:36:41 2024
Tue Jun  4 01:36:41 2024
Tue Jun  4 02:36:41 2024
Tue Jun  4 03:36:41 2024
Tue Jun  4 04:36:41 2024
Tue Jun  4 05:36:41 2024
Tue Jun  4 06:36:41 2024
Tue Jun  4 07:36:42 2024
Tue Jun  4 08:36:42 2024
Tue Jun  4 09:36:42 2024
Tue Jun  4 10:36:42 2024
Tue Jun  4 11:36:42 2024
Tue Jun  4 12:36:42 2024
Tue Jun  4 13:36:42 2024
Tue Jun  4 14:36:42 2024
Tue Jun  4 15:36:42 2024
Tue Jun  4 16:36:42 2024
Tue Jun  4 17:36:42 2024
Tue Jun  4 18:36:42 2024
Tue Jun  4 19:36:42 2024
Tue Jun  4 20:36:43 2024
Tue Jun  4 21:36:43 2024
Tue Jun  4 22:36:43 2024
Tue Jun  4 23:36:43 2024
Wed Jun  5 00:36:43 2024
Wed Jun  5 01:36:43 2024
Wed Jun  5 02:36:43 2024
Wed Jun  5 03:36:43 2024
Wed Jun  5 04:36:43 2024
Wed Jun  5 05:36:43 2024
Wed Jun  5 06:36:43 2024
Wed Jun  5 07:36:43 2024
Wed Jun  5 08:36:44 2024
Wed Jun  5 09:36:44 2024
Wed Jun  5 10:36:44 2024
Wed Jun  5 11:36:44 2024
Wed Jun  5 12:36:44 2024
Wed Jun  5 13:36:44 2024
Wed Jun  5 14:36:44 2024
Wed Jun  5 15:36:44 2024
Wed Jun  5 16:36:44 2024
Wed Jun  5 17:36:44 2024
Wed Jun  5 18:36:44 2024
Wed Jun  5 19:36:44 2024
Wed Jun  5 20:36:44 2024
Wed Jun  5 21:36:44 2024
Wed Jun  5 22:36:44 2024
Wed Jun  5 23:36:44 2024
Thu Jun  6 00:36:45 2024
Thu Jun  6 01:36:45 2024
Thu Jun  6 02:36:45 2024
Thu Jun  6 03:36:45 2024
Thu Jun  6 04:36:45 2024
Thu Jun  6 05:36:45 2024
Thu Jun  6 06:36:45 2024
Thu Jun  6 07:36:45 2024
Thu Jun  6 08:36:45 2024
Thu Jun  6 09:36:45 2024
Thu Jun  6 10:36:45 2024
Thu Jun  6 11:36:45 2024
Thu Jun  6 12:36:46 2024
Thu Jun  6 13:36:46 2024
Thu Jun  6 14:36:46 2024
Thu Jun  6 15:36:46 2024
Thu Jun  6 16:36:46 2024
Thu Jun  6 17:36:46 2024
Thu Jun  6 18:36:46 2024
Thu Jun  6 19:36:46 2024
Thu Jun  6 20:36:46 2024
Thu Jun  6 21:36:46 2024
Thu Jun  6 22:36:46 2024
Thu Jun  6 23:36:46 2024
Fri Jun  7 00:36:46 2024
Fri Jun  7 01:36:46 2024
Fri Jun  7 02:36:46 2024
Fri Jun  7 03:36:46 2024
Fri Jun  7 04:36:47 2024
Fri Jun  7 05:36:47 2024
Fri Jun  7 06:36:47 2024
Fri Jun  7 07:36:47 2024
Fri Jun  7 08:36:47 2024
Fri Jun  7 09:36:47 2024
Fri Jun  7 10:36:47 2024
Fri Jun  7 11:36:47 2024
Fri Jun  7 12:36:47 2024
Fri Jun  7 13:36:47 2024
Fri Jun  7 14:36:47 2024
Fri Jun  7 15:36:47 2024
Fri Jun  7 16:36:47 2024
Fri Jun  7 17:36:48 2024
Fri Jun  7 18:36:48 2024
Fri Jun  7 19:36:48 2024
Fri Jun  7 20:36:48 2024
Fri Jun  7 21:36:48 2024
Fri Jun  7 22:36:48 2024
Fri Jun  7 23:36:48 2024
Sat Jun  8 00:36:48 2024
Sat Jun  8 01:36:48 2024
Sat Jun  8 02:36:48 2024
Sat Jun  8 03:36:48 2024
Sat Jun  8 04:36:48 2024
Sat Jun  8 05:36:49 2024
Sat Jun  8 06:36:49 2024
Sat Jun  8 07:36:49 2024
Sat Jun  8 08:36:49 2024
Sat Jun  8 09:36:49 2024
Sat Jun  8 10:36:49 2024
Sat Jun  8 11:36:49 2024
Sat Jun  8 12:36:49 2024
Sat Jun  8 13:36:49 2024
Sat Jun  8 14:36:49 2024
Sat Jun  8 15:36:49 2024
Sat Jun  8 16:36:49 2024
Sat Jun  8 17:36:49 2024
Sat Jun  8 18:36:49 2024
Sat Jun  8 19:36:49 2024
Sat Jun  8 20:36:50 2024
Sat Jun  8 21:36:50 2024
Sat Jun  8 22:36:50 2024
Sat Jun  8 23:36:50 2024
Sun Jun  9 00:36:50 2024
Sun Jun  9 01:36:50 2024
Sun Jun  9 02:36:50 2024
Sun Jun  9 03:36:50 2024
Sun Jun  9 04:36:50 2024
Sun Jun  9 05:36:50 2024
Sun Jun  9 06:36:50 2024
Sun Jun  9 07:36:50 2024
Sun Jun  9 08:36:50 2024
Sun Jun  9 09:36:51 2024
Sun Jun  9 10:36:51 2024
Sun Jun  9 11:36:51 2024
Sun Jun  9 12:36:51 2024
Sun Jun  9 13:36:51 2024
Sun Jun  9 14:36:51 2024
Sun Jun  9 15:36:51 2024
Sun Jun  9 16:36:51 2024
Sun Jun  9 17:36:51 2024
Sun Jun  9 18:36:51 2024
Sun Jun  9 19:36:51 2024
Sun Jun  9 20:36:51 2024
Sun Jun  9 21:36:52 2024
Sun Jun  9 22:36:52 2024
Sun Jun  9 23:36:52 2024
Mon Jun 10 00:36:52 2024
Mon Jun 10 01:36:52 2024
Mon Jun 10 02:36:52 2024
Mon Jun 10 03:36:52 2024
Mon Jun 10 04:36:52 2024
Mon Jun 10 05:36:52 2024
Mon Jun 10 06:36:52 2024
Mon Jun 10 07:36:52 2024
Mon Jun 10 08:36:52 2024
Mon Jun 10 09:36:52 2024
Mon Jun 10 10:36:53 2024
Mon Jun 10 11:36:53 2024
Mon Jun 10 12:36:53 2024
Mon Jun 10 13:36:53 2024
Mon Jun 10 14:36:53 2024
Mon Jun 10 15:36:53 2024
Mon Jun 10 16:36:53 2024
Mon Jun 10 17:36:53 2024
Mon Jun 10 18:36:53 2024
Mon Jun 10 19:36:53 2024
Mon Jun 10 20:36:53 2024
Mon Jun 10 21:36:53 2024
Mon Jun 10 22:36:53 2024
Mon Jun 10 23:36:53 2024
Tue Jun 11 00:36:54 2024
Tue Jun 11 01:36:54 2024
Tue Jun 11 02:36:54 2024
Tue Jun 11 03:36:54 2024
Tue Jun 11 04:36:54 2024
Tue Jun 11 05:36:54 2024
Tue Jun 11 06:36:54 2024
Tue Jun 11 07:36:54 2024
Tue Jun 11 08:36:54 2024
Tue Jun 11 09:36:54 2024
Tue Jun 11 10:36:54 2024
Tue Jun 11 11:36:54 2024
Tue Jun 11 12:36:54 2024
Tue Jun 11 13:36:54 2024
Tue Jun 11 14:36:55 2024
Tue Jun 11 15:36:55 2024
Tue Jun 11 16:36:55 2024
Tue Jun 11 17:36:55 2024
Tue Jun 11 18:36:55 2024
Tue Jun 11 19:36:55 2024
Tue Jun 11 20:36:55 2024
Tue Jun 11 21:36:55 2024
Tue Jun 11 22:36:55 2024
Tue Jun 11 23:36:55 2024
Wed Jun 12 00:36:55 2024
Wed Jun 12 01:36:55 2024
Wed Jun 12 02:36:55 2024
Wed Jun 12 03:36:55 2024
Wed Jun 12 04:36:55 2024
Wed Jun 12 05:36:55 2024
Wed Jun 12 06:36:56 2024
Wed Jun 12 07:36:56 2024
Wed Jun 12 08:36:56 2024
Wed Jun 12 09:36:56 2024
Wed Jun 12 10:36:56 2024
Wed Jun 12 11:36:56 2024
Wed Jun 12 12:36:56 2024
Wed Jun 12 13:36:56 2024
Wed Jun 12 14:36:56 2024
Wed Jun 12 15:36:56 2024
Wed Jun 12 16:36:56 2024
Wed Jun 12 17:36:56 2024
Wed Jun 12 18:36:56 2024
Wed Jun 12 19:36:56 2024
Wed Jun 12 20:36:57 2024
Wed Jun 12 21:36:57 2024
Wed Jun 12 22:36:57 2024
Wed Jun 12 23:36:57 2024
Thu Jun 13 00:36:57 2024
Thu Jun 13 01:36:57 2024
Thu Jun 13 02:36:57 2024
Thu Jun 13 03:36:57 2024
Thu Jun 13 04:36:57 2024
Thu Jun 13 05:36:57 2024
Thu Jun 13 06:36:57 2024
Thu Jun 13 07:36:57 2024
Thu Jun 13 08:36:58 2024
Thu Jun 13 09:36:58 2024
Thu Jun 13 10:36:58 2024
Thu Jun 13 11:36:58 2024
Thu Jun 13 12:36:58 2024
Thu Jun 13 13:36:58 2024
Thu Jun 13 14:36:58 2024
Thu Jun 13 15:36:58 2024
Thu Jun 13 16:36:58 2024
Thu Jun 13 17:36:58 2024
Thu Jun 13 18:36:58 2024
Thu Jun 13 19:36:58 2024
Thu Jun 13 20:36:58 2024
Thu Jun 13 21:36:58 2024
Thu Jun 13 22:36:58 2024
Thu Jun 13 23:36:59 2024
Fri Jun 14 00:36:59 2024
Fri Jun 14 01:36:59 2024
Fri Jun 14 02:36:59 2024
Fri Jun 14 03:36:59 2024
Fri Jun 14 04:36:59 2024
Fri Jun 14 05:36:59 2024
Fri Jun 14 06:36:59 2024
Fri Jun 14 07:36:59 2024
Fri Jun 14 08:36:59 2024
Fri Jun 14 09:36:59 2024
Fri Jun 14 10:36:59 2024
Fri Jun 14 11:36:59 2024
Fri Jun 14 12:36:59 2024
Fri Jun 14 13:37:00 2024
Fri Jun 14 14:37:00 2024
Fri Jun 14 15:37:00 2024
Fri Jun 14 16:37:00 2024
Fri Jun 14 17:37:00 2024
Fri Jun 14 18:37:00 2024
Fri Jun 14 19:37:00 2024
